<?xml version="1.0" encoding="UTF-8"?>
<!-- Generated by org.testng.reporters.JUnitXMLReporter -->
<testsuite hostname="Ashishs-MacBook-Pro.local" ignored="0" name="Nopackage" tests="3" failures="1" timestamp="28 Jul 2017 12:01:42 GMT" time="28.865" errors="0">
  <testcase name="ecommerceCase" time="13.251" classname="TestCases.ecommerce"/>
  <testcase name="f" time="0.002" classname="TestCases.DisplayResults">
    <failure type="java.lang.NullPointerException">
      <![CDATA[java.lang.NullPointerException
	at CommonResources.ecommerceLogic.mergeSort(ecommerceLogic.java:143)
	at TestCases.DisplayResults.f(DisplayResults.java:13)
... Removed 25 stack frames]]>
    </failure>
  </testcase> <!-- f -->
  <testcase name="ecommerceCase1" time="12.982" classname="TestCases.ecommerce"/>
</testsuite> <!-- Nopackage -->
